C:\COMPUTER PROGRAMS\GAME\DEBUG\GAME.EXE
C:\COMPUTER PROGRAMS\GAME\DEBUG\GAME.ILK
C:\COMPUTER PROGRAMS\GAME\DEBUG\GAME.PDB
C:\COMPUTER PROGRAMS\GAME\GAME\DEBUG\CHARACTER.OBJ
C:\Computer Programs\Game\Game\Debug\cl.command.1.tlog
C:\Computer Programs\Game\Game\Debug\CL.read.1.tlog
C:\Computer Programs\Game\Game\Debug\CL.write.1.tlog
C:\COMPUTER PROGRAMS\GAME\GAME\DEBUG\GAME.EXE.EMBED.MANIFEST
C:\COMPUTER PROGRAMS\GAME\GAME\DEBUG\GAME.EXE.EMBED.MANIFEST.RES
C:\COMPUTER PROGRAMS\GAME\GAME\DEBUG\GAME.EXE.INTERMEDIATE.MANIFEST
C:\COMPUTER PROGRAMS\GAME\GAME\DEBUG\GAME.OBJ
C:\Computer Programs\Game\Game\Debug\Game.write.1.tlog
C:\Computer Programs\Game\Game\Debug\Game_manifest.rc
C:\Computer Programs\Game\Game\Debug\link.14348.read.1.tlog
C:\Computer Programs\Game\Game\Debug\link.14348.write.1.tlog
C:\Computer Programs\Game\Game\Debug\link.14348-cvtres.read.1.tlog
C:\Computer Programs\Game\Game\Debug\link.14348-cvtres.write.1.tlog
C:\Computer Programs\Game\Game\Debug\link.command.1.tlog
C:\Computer Programs\Game\Game\Debug\link.read.1.tlog
C:\Computer Programs\Game\Game\Debug\link.write.1.tlog
C:\Computer Programs\Game\Game\Debug\link-cvtres.read.1.tlog
C:\Computer Programs\Game\Game\Debug\link-cvtres.write.1.tlog
C:\COMPUTER PROGRAMS\GAME\GAME\DEBUG\MOVESET.OBJ
C:\Computer Programs\Game\Game\Debug\mt.command.1.tlog
C:\Computer Programs\Game\Game\Debug\mt.read.1.tlog
C:\Computer Programs\Game\Game\Debug\mt.write.1.tlog
C:\Computer Programs\Game\Game\Debug\rc.command.1.tlog
C:\Computer Programs\Game\Game\Debug\rc.read.1.tlog
C:\Computer Programs\Game\Game\Debug\rc.write.1.tlog
C:\Computer Programs\Game\Game\Debug\vc100.idb
C:\COMPUTER PROGRAMS\GAME\GAME\DEBUG\VC100.PDB
