Build started 11/17/2019 7:30:24 PM.
     1>Project "C:\Computer Programs\Game\Game\Game.vcxproj" on node 2 (build target(s)).
     1>InitializeBuildStatus:
         Creating "Debug\Game.unsuccessfulbuild" because "AlwaysCreate" was specified.
       ClCompile:
         C:\Program Files (x86)\Microsoft Visual Studio 10.0\VC\bin\CL.exe /c /ZI /nologo /W3 /WX- /Od /Oy- /D WIN32 /D _DEBUG /D _CONSOLE /D _UNICODE /D UNICODE /Gm /EHsc /RTC1 /MDd /GS /fp:precise /Zc:wchar_t /Zc:forScope /Fo"Debug\\" /Fd"Debug\vc100.pdb" /Gd /TP /analyze- /errorReport:prompt Character.cpp Game.cpp MoveSet.cpp
         Game.cpp
     1>c:\computer programs\game\game\game.cpp(168): warning C4244: 'argument' : conversion from 'time_t' to 'unsigned int', possible loss of data
     1>c:\computer programs\game\game\game.cpp(136): warning C4800: 'int' : forcing value to bool 'true' or 'false' (performance warning)
                 c:\computer programs\game\game\game.cpp(125) : while compiling class template member function 'void Game<Player>::oneToOne(Player &,Player &,Player &)'
                 with
                 [
                     Player=Character
                 ]
                 c:\computer programs\game\game\game.cpp(172) : see reference to class template instantiation 'Game<Player>' being compiled
                 with
                 [
                     Player=Character
                 ]
         Generating Code...
         Skipping... (no relevant changes detected)
         MoveSet.cpp
         Character.cpp
       ManifestResourceCompile:
         All outputs are up-to-date.
       Link:
         C:\Program Files (x86)\Microsoft Visual Studio 10.0\VC\bin\link.exe /ERRORREPORT:PROMPT /OUT:"C:\Computer Programs\Game\Debug\Game.exe" /INCREMENTAL /NOLOGO kernel32.lib user32.lib gdi32.lib winspool.lib comdlg32.lib advapi32.lib shell32.lib ole32.lib oleaut32.lib uuid.lib odbc32.lib odbccp32.lib /MANIFEST /ManifestFile:"Debug\Game.exe.intermediate.manifest" /MANIFESTUAC:"level='asInvoker' uiAccess='false'" /DEBUG /PDB:"C:\Computer Programs\Game\Debug\Game.pdb" /SUBSYSTEM:CONSOLE /TLBID:1 /DYNAMICBASE /NXCOMPAT /IMPLIB:"C:\Computer Programs\Game\Debug\Game.lib" /MACHINE:X86 Debug\Game.exe.embed.manifest.res
         Debug\Character.obj
         Debug\Game.obj
         Debug\MoveSet.obj
       Manifest:
         C:\Program Files (x86)\Microsoft SDKs\Windows\v7.0A\bin\mt.exe /nologo /verbose /out:"Debug\Game.exe.embed.manifest" /manifest Debug\Game.exe.intermediate.manifest
         All outputs are up-to-date.
       LinkEmbedManifest:
         All outputs are up-to-date.
         Game.vcxproj -> C:\Computer Programs\Game\Debug\Game.exe
       FinalizeBuildStatus:
         Deleting file "Debug\Game.unsuccessfulbuild".
         Touching "Debug\Game.lastbuildstate".
     1>Done Building Project "C:\Computer Programs\Game\Game\Game.vcxproj" (build target(s)).

Build succeeded.

Time Elapsed 00:00:07.68
