Build started 9/19/2019 10:38:21 AM.
     1>Project "C:\C++ Programs\CMPT 135\Walking.cpp\Walking.cpp\Walking.cpp.vcxproj" on node 2 (build target(s)).
     1>InitializeBuildStatus:
         Creating "Debug\Walking.cpp.unsuccessfulbuild" because "AlwaysCreate" was specified.
       ClCompile:
         C:\Program Files (x86)\Microsoft Visual Studio 10.0\VC\bin\CL.exe /c /ZI /nologo /W3 /WX- /Od /Oy- /D WIN32 /D _DEBUG /D _CONSOLE /D _UNICODE /D UNICODE /Gm /EHsc /RTC1 /MDd /GS /fp:precise /Zc:wchar_t /Zc:forScope /Fo"Debug\\" /Fd"Debug\vc100.pdb" /Gd /TP /analyze- /errorReport:prompt Walking.cpp
         Walking.cpp
       ManifestResourceCompile:
         All outputs are up-to-date.
       Link:
         C:\Program Files (x86)\Microsoft Visual Studio 10.0\VC\bin\link.exe /ERRORREPORT:PROMPT /OUT:"C:\C++ Programs\CMPT 135\Walking.cpp\Debug\Walking.cpp.exe" /INCREMENTAL /NOLOGO kernel32.lib user32.lib gdi32.lib winspool.lib comdlg32.lib advapi32.lib shell32.lib ole32.lib oleaut32.lib uuid.lib odbc32.lib odbccp32.lib /MANIFEST /ManifestFile:"Debug\Walking.cpp.exe.intermediate.manifest" /MANIFESTUAC:"level='asInvoker' uiAccess='false'" /DEBUG /PDB:"C:\C++ Programs\CMPT 135\Walking.cpp\Debug\Walking.cpp.pdb" /SUBSYSTEM:CONSOLE /TLBID:1 /DYNAMICBASE /NXCOMPAT /IMPLIB:"C:\C++ Programs\CMPT 135\Walking.cpp\Debug\Walking.cpp.lib" /MACHINE:X86 Debug\Walking.cpp.exe.embed.manifest.res
         Debug\List.obj
         Debug\Patient.obj
         Debug\Walking.obj
       Manifest:
         C:\Program Files (x86)\Microsoft SDKs\Windows\v7.0A\bin\mt.exe /nologo /verbose /out:"Debug\Walking.cpp.exe.embed.manifest" /manifest Debug\Walking.cpp.exe.intermediate.manifest
         All outputs are up-to-date.
       LinkEmbedManifest:
         All outputs are up-to-date.
         Walking.cpp.vcxproj -> C:\C++ Programs\CMPT 135\Walking.cpp\Debug\Walking.cpp.exe
       FinalizeBuildStatus:
         Deleting file "Debug\Walking.cpp.unsuccessfulbuild".
         Touching "Debug\Walking.cpp.lastbuildstate".
     1>Done Building Project "C:\C++ Programs\CMPT 135\Walking.cpp\Walking.cpp\Walking.cpp.vcxproj" (build target(s)).

Build succeeded.

Time Elapsed 00:00:01.11
