C:\C++ PROGRAMS\CMPT 135\WALKING.CPP\DEBUG\WALKING.CPP.EXE
C:\C++ PROGRAMS\CMPT 135\WALKING.CPP\DEBUG\WALKING.CPP.ILK
C:\C++ PROGRAMS\CMPT 135\WALKING.CPP\DEBUG\WALKING.CPP.PDB
C:\C++ Programs\CMPT 135\Walking.cpp\Walking.cpp\Debug\cl.command.1.tlog
C:\C++ Programs\CMPT 135\Walking.cpp\Walking.cpp\Debug\CL.read.1.tlog
C:\C++ Programs\CMPT 135\Walking.cpp\Walking.cpp\Debug\CL.write.1.tlog
C:\C++ Programs\CMPT 135\Walking.cpp\Walking.cpp\Debug\link.9672.read.1.tlog
C:\C++ Programs\CMPT 135\Walking.cpp\Walking.cpp\Debug\link.9672.write.1.tlog
C:\C++ Programs\CMPT 135\Walking.cpp\Walking.cpp\Debug\link.9672-cvtres.read.1.tlog
C:\C++ Programs\CMPT 135\Walking.cpp\Walking.cpp\Debug\link.9672-cvtres.write.1.tlog
C:\C++ Programs\CMPT 135\Walking.cpp\Walking.cpp\Debug\link.command.1.tlog
C:\C++ Programs\CMPT 135\Walking.cpp\Walking.cpp\Debug\link.read.1.tlog
C:\C++ Programs\CMPT 135\Walking.cpp\Walking.cpp\Debug\link.write.1.tlog
C:\C++ Programs\CMPT 135\Walking.cpp\Walking.cpp\Debug\link-cvtres.read.1.tlog
C:\C++ Programs\CMPT 135\Walking.cpp\Walking.cpp\Debug\link-cvtres.write.1.tlog
C:\C++ PROGRAMS\CMPT 135\WALKING.CPP\WALKING.CPP\DEBUG\LIST.OBJ
C:\C++ Programs\CMPT 135\Walking.cpp\Walking.cpp\Debug\mt.command.1.tlog
C:\C++ Programs\CMPT 135\Walking.cpp\Walking.cpp\Debug\mt.read.1.tlog
C:\C++ Programs\CMPT 135\Walking.cpp\Walking.cpp\Debug\mt.write.1.tlog
C:\C++ PROGRAMS\CMPT 135\WALKING.CPP\WALKING.CPP\DEBUG\PATIENT.OBJ
C:\C++ Programs\CMPT 135\Walking.cpp\Walking.cpp\Debug\rc.command.1.tlog
C:\C++ Programs\CMPT 135\Walking.cpp\Walking.cpp\Debug\rc.read.1.tlog
C:\C++ Programs\CMPT 135\Walking.cpp\Walking.cpp\Debug\rc.write.1.tlog
C:\C++ Programs\CMPT 135\Walking.cpp\Walking.cpp\Debug\vc100.idb
C:\C++ PROGRAMS\CMPT 135\WALKING.CPP\WALKING.CPP\DEBUG\VC100.PDB
C:\C++ PROGRAMS\CMPT 135\WALKING.CPP\WALKING.CPP\DEBUG\WALKING.CPP.EXE.EMBED.MANIFEST
C:\C++ PROGRAMS\CMPT 135\WALKING.CPP\WALKING.CPP\DEBUG\WALKING.CPP.EXE.EMBED.MANIFEST.RES
C:\C++ PROGRAMS\CMPT 135\WALKING.CPP\WALKING.CPP\DEBUG\WALKING.CPP.EXE.INTERMEDIATE.MANIFEST
C:\C++ Programs\CMPT 135\Walking.cpp\Walking.cpp\Debug\Walking.cpp.write.1.tlog
C:\C++ Programs\CMPT 135\Walking.cpp\Walking.cpp\Debug\Walking.cpp_manifest.rc
C:\C++ PROGRAMS\CMPT 135\WALKING.CPP\WALKING.CPP\DEBUG\WALKING.OBJ
