C:\C++ PROGRAMS\CMPT 225\ASSIGNMENT 2\ASSIGNMENT 2\DEBUG\ASSIGNMENT 2.EXE.EMBED.MANIFEST
C:\C++ PROGRAMS\CMPT 225\ASSIGNMENT 2\ASSIGNMENT 2\DEBUG\ASSIGNMENT 2.EXE.EMBED.MANIFEST.RES
C:\C++ PROGRAMS\CMPT 225\ASSIGNMENT 2\ASSIGNMENT 2\DEBUG\ASSIGNMENT 2.EXE.INTERMEDIATE.MANIFEST
C:\C++ Programs\CMPT 225\Assignment 2\Assignment 2\Debug\Assignment 2.write.1.tlog
C:\C++ Programs\CMPT 225\Assignment 2\Assignment 2\Debug\Assignment 2_manifest.rc
C:\C++ Programs\CMPT 225\Assignment 2\Assignment 2\Debug\cl.command.1.tlog
C:\C++ Programs\CMPT 225\Assignment 2\Assignment 2\Debug\CL.read.1.tlog
C:\C++ Programs\CMPT 225\Assignment 2\Assignment 2\Debug\CL.write.1.tlog
C:\C++ Programs\CMPT 225\Assignment 2\Assignment 2\Debug\link.13140.read.1.tlog
C:\C++ Programs\CMPT 225\Assignment 2\Assignment 2\Debug\link.13140.write.1.tlog
C:\C++ Programs\CMPT 225\Assignment 2\Assignment 2\Debug\link.13140-cvtres.read.1.tlog
C:\C++ Programs\CMPT 225\Assignment 2\Assignment 2\Debug\link.13140-cvtres.write.1.tlog
C:\C++ Programs\CMPT 225\Assignment 2\Assignment 2\Debug\link.command.1.tlog
C:\C++ Programs\CMPT 225\Assignment 2\Assignment 2\Debug\link.read.1.tlog
C:\C++ Programs\CMPT 225\Assignment 2\Assignment 2\Debug\link.write.1.tlog
C:\C++ Programs\CMPT 225\Assignment 2\Assignment 2\Debug\link-cvtres.read.1.tlog
C:\C++ Programs\CMPT 225\Assignment 2\Assignment 2\Debug\link-cvtres.write.1.tlog
C:\C++ PROGRAMS\CMPT 225\ASSIGNMENT 2\ASSIGNMENT 2\DEBUG\LIST.OBJ
C:\C++ Programs\CMPT 225\Assignment 2\Assignment 2\Debug\mt.command.1.tlog
C:\C++ Programs\CMPT 225\Assignment 2\Assignment 2\Debug\mt.read.1.tlog
C:\C++ Programs\CMPT 225\Assignment 2\Assignment 2\Debug\mt.write.1.tlog
C:\C++ PROGRAMS\CMPT 225\ASSIGNMENT 2\ASSIGNMENT 2\DEBUG\PATIENT.OBJ
C:\C++ Programs\CMPT 225\Assignment 2\Assignment 2\Debug\rc.command.1.tlog
C:\C++ Programs\CMPT 225\Assignment 2\Assignment 2\Debug\rc.read.1.tlog
C:\C++ Programs\CMPT 225\Assignment 2\Assignment 2\Debug\rc.write.1.tlog
C:\C++ PROGRAMS\CMPT 225\ASSIGNMENT 2\ASSIGNMENT 2\DEBUG\TESTDRIVER.OBJ
C:\C++ Programs\CMPT 225\Assignment 2\Assignment 2\Debug\vc100.idb
C:\C++ PROGRAMS\CMPT 225\ASSIGNMENT 2\ASSIGNMENT 2\DEBUG\VC100.PDB
C:\C++ PROGRAMS\CMPT 225\ASSIGNMENT 2\DEBUG\ASSIGNMENT 2.EXE
C:\C++ PROGRAMS\CMPT 225\ASSIGNMENT 2\DEBUG\ASSIGNMENT 2.ILK
C:\C++ PROGRAMS\CMPT 225\ASSIGNMENT 2\DEBUG\ASSIGNMENT 2.PDB
