Build started 10/3/2019 2:55:12 PM.
     1>Project "C:\C++ Programs\CMPT 225\Assignment 2\Assignment 2\Assignment 2.vcxproj" on node 2 (rebuild target(s)).
     1>_PrepareForClean:
         Deleting file "Debug\Assignment 2.lastbuildstate".
       InitializeBuildStatus:
         Creating "Debug\Assignment 2.unsuccessfulbuild" because "AlwaysCreate" was specified.
       ClCompile:
         C:\Program Files (x86)\Microsoft Visual Studio 10.0\VC\bin\CL.exe /c /ZI /nologo /W3 /WX- /Od /Oy- /D WIN32 /D _DEBUG /D _CONSOLE /D _UNICODE /D UNICODE /Gm /EHsc /RTC1 /MDd /GS /fp:precise /Zc:wchar_t /Zc:forScope /Fo"Debug\\" /Fd"Debug\vc100.pdb" /Gd /TP /analyze- /errorReport:prompt List.cpp Patient.cpp TestDriver.cpp
         TestDriver.cpp
         Patient.cpp
     1>c:\c++ programs\cmpt 225\assignment 2\assignment 2\patient.cpp(46): warning C4018: '<' : signed/unsigned mismatch
     1>c:\c++ programs\cmpt 225\assignment 2\assignment 2\patient.cpp(46): warning C4018: '<' : signed/unsigned mismatch
     1>c:\c++ programs\cmpt 225\assignment 2\assignment 2\patient.cpp(48): warning C4018: '<' : signed/unsigned mismatch
         List.cpp
         Generating Code...
       ManifestResourceCompile:
         C:\Program Files (x86)\Microsoft SDKs\Windows\v7.0A\bin\rc.exe /nologo /fo"Debug\Assignment 2.exe.embed.manifest.res" "Debug\Assignment 2_manifest.rc" 
       Link:
         C:\Program Files (x86)\Microsoft Visual Studio 10.0\VC\bin\link.exe /ERRORREPORT:PROMPT /OUT:"C:\C++ Programs\CMPT 225\Assignment 2\Debug\Assignment 2.exe" /INCREMENTAL /NOLOGO kernel32.lib user32.lib gdi32.lib winspool.lib comdlg32.lib advapi32.lib shell32.lib ole32.lib oleaut32.lib uuid.lib odbc32.lib odbccp32.lib /MANIFEST /ManifestFile:"Debug\Assignment 2.exe.intermediate.manifest" /MANIFESTUAC:"level='asInvoker' uiAccess='false'" /DEBUG /PDB:"C:\C++ Programs\CMPT 225\Assignment 2\Debug\Assignment 2.pdb" /SUBSYSTEM:CONSOLE /TLBID:1 /DYNAMICBASE /NXCOMPAT /IMPLIB:"C:\C++ Programs\CMPT 225\Assignment 2\Debug\Assignment 2.lib" /MACHINE:X86 "Debug\Assignment 2.exe.embed.manifest.res"
         Debug\List.obj
         Debug\Patient.obj
         Debug\TestDriver.obj
       Manifest:
         Deleting file "Debug\Assignment 2.exe.embed.manifest".
         C:\Program Files (x86)\Microsoft SDKs\Windows\v7.0A\bin\mt.exe /nologo /verbose /out:"Debug\Assignment 2.exe.embed.manifest" /manifest "Debug\Assignment 2.exe.intermediate.manifest"
         C:\Program Files (x86)\Microsoft SDKs\Windows\v7.0A\bin\rc.exe /nologo /fo"Debug\Assignment 2.exe.embed.manifest.res" "Debug\Assignment 2_manifest.rc" 
       LinkEmbedManifest:
         C:\Program Files (x86)\Microsoft Visual Studio 10.0\VC\bin\link.exe /ERRORREPORT:PROMPT /OUT:"C:\C++ Programs\CMPT 225\Assignment 2\Debug\Assignment 2.exe" /INCREMENTAL /NOLOGO kernel32.lib user32.lib gdi32.lib winspool.lib comdlg32.lib advapi32.lib shell32.lib ole32.lib oleaut32.lib uuid.lib odbc32.lib odbccp32.lib /MANIFEST /ManifestFile:"Debug\Assignment 2.exe.intermediate.manifest" /MANIFESTUAC:"level='asInvoker' uiAccess='false'" /DEBUG /PDB:"C:\C++ Programs\CMPT 225\Assignment 2\Debug\Assignment 2.pdb" /SUBSYSTEM:CONSOLE /TLBID:1 /DYNAMICBASE /NXCOMPAT /IMPLIB:"C:\C++ Programs\CMPT 225\Assignment 2\Debug\Assignment 2.lib" /MACHINE:X86 "Debug\Assignment 2.exe.embed.manifest.res"
         Debug\List.obj
         Debug\Patient.obj
         Debug\TestDriver.obj
         Assignment 2.vcxproj -> C:\C++ Programs\CMPT 225\Assignment 2\Debug\Assignment 2.exe
       FinalizeBuildStatus:
         Deleting file "Debug\Assignment 2.unsuccessfulbuild".
         Touching "Debug\Assignment 2.lastbuildstate".
     1>Done Building Project "C:\C++ Programs\CMPT 225\Assignment 2\Assignment 2\Assignment 2.vcxproj" (rebuild target(s)).

Build succeeded.

Time Elapsed 00:00:04.13
